<?xml version="1.0" encoding="UTF-8"?>
<!-- Generated by org.testng.reporters.JUnitReportReporter -->
<testsuite hostname="DESKTOP-L14V3JI" failures="0" tests="1" name="mav.Sc_181" time="13.988" errors="0" timestamp="2024-01-20T16:37:07 IST" skipped="0">
  <testcase classname="mav.Sc_181" name="m1" time="13.988"/>
  <system-out/>
</testsuite> <!-- mav.Sc_181 -->
