<?xml version="1.0" encoding="UTF-8"?>
<!-- Generated by org.testng.reporters.JUnitReportReporter -->
<testsuite hostname="DESKTOP-L14V3JI" failures="0" tests="1" name="mav.LC_single1" time="8.344" errors="0" timestamp="2024-01-20T16:37:07 IST" skipped="0">
  <testcase classname="mav.LC_single1" name="m1" time="8.344"/>
  <system-out/>
</testsuite> <!-- mav.LC_single1 -->
